nohup: ignoring input
✅ Telegram inviato
ℹ️ Blogger non configurato: skip publish.
[main 1a4dd8245] Elite update 16586
 5 files changed, 15 insertions(+), 15 deletions(-)

remote: This repository moved. Please use the new location:        
remote:   https://github.com/Keygap-Official/https-keygap-official.github.io.git        
To https://github.com/giampierodeluca676-lgtm/giampierodeluca676-lgtm.github.io.git
   838db896b..1a4dd8245  main -> main
error: waitpid for git-remote-https failed: No child processes

Errore nel ciclo: Errore comando: git push origin main
Attendo 30 minuti per il prossimo ciclo...
✅ Telegram inviato
ℹ️ Blogger non configurato: skip publish.
[main 0602ae57b] Elite update 38269
 5 files changed, 158 insertions(+), 31 deletions(-)
 create mode 100644 Report_Finanziari/Report_Mondiale_24_03_2026_19_25.html
remote: This repository moved. Please use the new location:        
remote:   https://github.com/Keygap-Official/https-keygap-official.github.io.git        
To https://github.com/giampierodeluca676-lgtm/giampierodeluca676-lgtm.github.io.git
   a28d14724..0602ae57b  main -> main
✅ Update 38269 pubblicato
Attendo 30 minuti per il prossimo ciclo...
✅ Telegram inviato
ℹ️ Blogger non configurato: skip publish.
[main be7a22a4c] Elite update 72046
 5 files changed, 151 insertions(+), 24 deletions(-)
 create mode 100644 Report_Finanziari/Report_Mondiale_24_03_2026_19_55.html
remote: This repository moved. Please use the new location:        
remote:   https://github.com/Keygap-Official/https-keygap-official.github.io.git        
To https://github.com/giampierodeluca676-lgtm/giampierodeluca676-lgtm.github.io.git
   fbb3aa3d5..be7a22a4c  main -> main
✅ Update 72046 pubblicato
Attendo 30 minuti per il prossimo ciclo...
✅ Telegram inviato
ℹ️ Blogger non configurato: skip publish.
[main b2a9bf72e] Elite update 75521
 5 files changed, 141 insertions(+), 14 deletions(-)
 create mode 100644 Report_Finanziari/Report_Mondiale_24_03_2026_20_25.html
remote: This repository moved. Please use the new location:        
remote:   https://github.com/Keygap-Official/https-keygap-official.github.io.git        
To https://github.com/giampierodeluca676-lgtm/giampierodeluca676-lgtm.github.io.git
   967943f4e..b2a9bf72e  main -> main
✅ Update 75521 pubblicato
Attendo 30 minuti per il prossimo ciclo...
✅ Telegram inviato
ℹ️ Blogger non configurato: skip publish.
[main c6aa93741] Elite update 56099
 6 files changed, 163 insertions(+), 34 deletions(-)
 create mode 100644 Report_Finanziari/Report_Mondiale_24_03_2026_20_55.html
remote: This repository moved. Please use the new location:        
remote:   https://github.com/Keygap-Official/https-keygap-official.github.io.git        
To https://github.com/giampierodeluca676-lgtm/giampierodeluca676-lgtm.github.io.git
   63efd5255..c6aa93741  main -> main
✅ Update 56099 pubblicato
Attendo 30 minuti per il prossimo ciclo...
✅ Telegram inviato
ℹ️ Blogger non configurato: skip publish.
[main 9c37b1817] Elite update 19759
 5 files changed, 145 insertions(+), 18 deletions(-)
 create mode 100644 Report_Finanziari/Report_Mondiale_24_03_2026_21_26.html
remote: This repository moved. Please use the new location:        
remote:   https://github.com/Keygap-Official/https-keygap-official.github.io.git        
To https://github.com/giampierodeluca676-lgtm/giampierodeluca676-lgtm.github.io.git
   135596afb..9c37b1817  main -> main
✅ Update 19759 pubblicato
Attendo 30 minuti per il prossimo ciclo...
✅ Telegram inviato
ℹ️ Blogger non configurato: skip publish.
[main be2810a11] Elite update 99308
 5 files changed, 160 insertions(+), 33 deletions(-)
 create mode 100644 Report_Finanziari/Report_Mondiale_24_03_2026_21_56.html
remote: This repository moved. Please use the new location:        
remote:   https://github.com/Keygap-Official/https-keygap-official.github.io.git        
To https://github.com/giampierodeluca676-lgtm/giampierodeluca676-lgtm.github.io.git
   f88887f1c..be2810a11  main -> main
✅ Update 99308 pubblicato
Attendo 30 minuti per il prossimo ciclo...
✅ Telegram inviato
ℹ️ Blogger non configurato: skip publish.
[main 39f51e312] Elite update 46537
 5 files changed, 148 insertions(+), 21 deletions(-)
 create mode 100644 Report_Finanziari/Report_Mondiale_24_03_2026_22_26.html
remote: This repository moved. Please use the new location:        
remote:   https://github.com/Keygap-Official/https-keygap-official.github.io.git        
To https://github.com/giampierodeluca676-lgtm/giampierodeluca676-lgtm.github.io.git
   16fdb78f1..39f51e312  main -> main
✅ Update 46537 pubblicato
Attendo 30 minuti per il prossimo ciclo...
✅ Telegram inviato
ℹ️ Blogger non configurato: skip publish.
[main 37a46e35a] Elite update 37271
 5 files changed, 153 insertions(+), 26 deletions(-)
 create mode 100644 Report_Finanziari/Report_Mondiale_24_03_2026_22_56.html
remote: This repository moved. Please use the new location:        
remote:   https://github.com/Keygap-Official/https-keygap-official.github.io.git        
To https://github.com/giampierodeluca676-lgtm/giampierodeluca676-lgtm.github.io.git
   8d30e1dd7..37a46e35a  main -> main
✅ Update 37271 pubblicato
Attendo 30 minuti per il prossimo ciclo...
✅ Telegram inviato
ℹ️ Blogger non configurato: skip publish.
[main 54a12860b] Elite update 41611
 5 files changed, 152 insertions(+), 25 deletions(-)
 create mode 100644 Report_Finanziari/Report_Mondiale_24_03_2026_23_26.html
remote: This repository moved. Please use the new location:        
remote:   https://github.com/Keygap-Official/https-keygap-official.github.io.git        
To https://github.com/giampierodeluca676-lgtm/giampierodeluca676-lgtm.github.io.git
   4ac2c5e29..54a12860b  main -> main
✅ Update 41611 pubblicato
Attendo 30 minuti per il prossimo ciclo...
✅ Telegram inviato
ℹ️ Blogger non configurato: skip publish.
[main 3248bf68a] Elite update 54214
 5 files changed, 156 insertions(+), 29 deletions(-)
 create mode 100644 Report_Finanziari/Report_Mondiale_24_03_2026_23_56.html
remote: This repository moved. Please use the new location:        
remote:   https://github.com/Keygap-Official/https-keygap-official.github.io.git        
To https://github.com/giampierodeluca676-lgtm/giampierodeluca676-lgtm.github.io.git
   f6de541b2..3248bf68a  main -> main
✅ Update 54214 pubblicato
Attendo 30 minuti per il prossimo ciclo...
✅ Telegram inviato
ℹ️ Blogger non configurato: skip publish.
[main d06e7dfa6] Elite update 29525
 5 files changed, 153 insertions(+), 26 deletions(-)
 create mode 100644 Report_Finanziari/Report_Mondiale_25_03_2026_00_26.html
remote: This repository moved. Please use the new location:        
remote:   https://github.com/Keygap-Official/https-keygap-official.github.io.git        
To https://github.com/giampierodeluca676-lgtm/giampierodeluca676-lgtm.github.io.git
   65221b9ef..d06e7dfa6  main -> main
✅ Update 29525 pubblicato
Attendo 30 minuti per il prossimo ciclo...
✅ Telegram inviato
ℹ️ Blogger non configurato: skip publish.
[main a807dfaaa] Elite update 19791
 5 files changed, 152 insertions(+), 25 deletions(-)
 create mode 100644 Report_Finanziari/Report_Mondiale_25_03_2026_00_56.html
remote: This repository moved. Please use the new location:        
remote:   https://github.com/Keygap-Official/https-keygap-official.github.io.git        
To https://github.com/giampierodeluca676-lgtm/giampierodeluca676-lgtm.github.io.git
   9f7736466..a807dfaaa  main -> main
✅ Update 19791 pubblicato
Attendo 30 minuti per il prossimo ciclo...
✅ Telegram inviato
ℹ️ Blogger non configurato: skip publish.
[main cc11c85fe] Elite update 73541
 5 files changed, 152 insertions(+), 25 deletions(-)
 create mode 100644 Report_Finanziari/Report_Mondiale_25_03_2026_01_26.html
remote: This repository moved. Please use the new location:        
remote:   https://github.com/Keygap-Official/https-keygap-official.github.io.git        
To https://github.com/giampierodeluca676-lgtm/giampierodeluca676-lgtm.github.io.git
   2e146d1cb..cc11c85fe  main -> main
✅ Update 73541 pubblicato
Attendo 30 minuti per il prossimo ciclo...
✅ Telegram inviato
